<?xml version="1.0" encoding="UTF-8"?>
<testsuite xmlns:xsi="http://www.w3.org/2001/XMLSchema-instance" xsi:noNamespaceSchemaLocation="https://maven.apache.org/surefire/maven-surefire-plugin/xsd/surefire-test-report.xsd" name="com.example.FoodPicassoResturant.FoodShopTest" time="0.057" tests="4" errors="0" skipped="0" failures="0">
  <properties/>
  <testcase name="test14ViewFoodOrdersByFoodTypeWiseForEmptyList" classname="com.example.FoodPicassoResturant.FoodShopTest" time="0.015"/>
  <testcase name="test12ViewFoodOrdersByFoodTypeWise" classname="com.example.FoodPicassoResturant.FoodShopTest" time="0.003"/>
  <testcase name="test11ViewFoodOrdersByFoodType" classname="com.example.FoodPicassoResturant.FoodShopTest" time="0.001"/>
  <testcase name="test13ViewFoodOrdersByFoodTypeForEmptyList" classname="com.example.FoodPicassoResturant.FoodShopTest" time="0.002"/>
</testsuite>